<?xml version="1.0" encoding="UTF-8"?>
<!-- Generated by org.testng.reporters.JUnitReportReporter -->
<testsuite skipped="0" hostname="DESKTOP-EPM05SP" name="myPackage.NewTest" tests="1" failures="0" timestamp="16 Mar 2021 07:49:51 GMT" time="0.014" errors="0">
  <testcase name="x_method" time="0.014" classname="myPackage.NewTest"/>
</testsuite> <!-- myPackage.NewTest -->
