<?xml version="1.0" encoding="UTF-8"?>
<!-- Generated by org.testng.reporters.JUnitReportReporter -->
<testsuite skipped="0" hostname="DESKTOP-EPM05SP" name="myPackage.TestNG_Priority_Annotations" tests="5" failures="0" timestamp="16 Mar 2021 07:49:51 GMT" time="0.020" errors="0">
  <testcase name="c_method" time="0.002" classname="myPackage.TestNG_Priority_Annotations"/>
  <testcase name="e_method" time="0.003" classname="myPackage.TestNG_Priority_Annotations"/>
  <testcase name="b_method" time="0.005" classname="myPackage.TestNG_Priority_Annotations"/>
  <testcase name="a_method" time="0.002" classname="myPackage.TestNG_Priority_Annotations"/>
  <testcase name="d_method" time="0.008" classname="myPackage.TestNG_Priority_Annotations"/>
</testsuite> <!-- myPackage.TestNG_Priority_Annotations -->
