<?xml version="1.0" encoding="UTF-8"?>
<!-- Generated by org.testng.reporters.JUnitReportReporter -->
<testsuite skipped="0" hostname="DESKTOP-EPM05SP" name="myPackage.Assignment" tests="1" failures="0" timestamp="18 Mar 2021 01:48:30 GMT" time="68.827" errors="0">
  <testcase name="PlacingOrder" time="68.827" classname="myPackage.Assignment"/>
</testsuite> <!-- myPackage.Assignment -->
