<?xml version="1.0" encoding="UTF-8"?>
<!-- Generated by org.testng.reporters.JUnitReportReporter -->
<testsuite skipped="0" hostname="DESKTOP-EPM05SP" name="myPackage.Assignment" tests="1" failures="0" timestamp="17 Mar 2021 07:01:51 GMT" time="65.398" errors="0">
  <testcase name="test" time="65.398" classname="myPackage.Assignment"/>
</testsuite> <!-- myPackage.Assignment -->
